build/app/intermediates/manifest_merge_blame_file/debug/manifest-merger-blame-debug-report.txt
1<?xml version="1.0" encoding="utf-8"?>
2<manifest xmlns:android="http://schemas.android.com/apk/res/android"
3    package="com.mycompany.newbookclub"
4    android:versionCode="1"
5    android:versionName="1.0.0" >
6
7    <uses-sdk
8        android:minSdkVersion="23"
9        android:targetSdkVersion="34" />
10    <!--
11         Flutter needs it to communicate with the running application
12         to allow setting breakpoints, to provide hot reload, etc.
13    -->
14    <uses-permission android:name="android.permission.INTERNET" />
14-->src\main\AndroidManifest.xml:4:5-66
14-->src\main\AndroidManifest.xml:4:22-64
15    <uses-permission android:name="android.permission.CAMERA" />
15-->src\main\AndroidManifest.xml:5:5-64
15-->src\main\AndroidManifest.xml:5:22-62
16    <uses-permission
16-->src\main\AndroidManifest.xml:6:5-106
17        android:name="android.permission.READ_EXTERNAL_STORAGE"
17-->src\main\AndroidManifest.xml:6:22-77
18        android:maxSdkVersion="32" />
18-->src\main\AndroidManifest.xml:6:78-104
19    <uses-permission
19-->src\main\AndroidManifest.xml:7:5-107
20        android:name="android.permission.WRITE_EXTERNAL_STORAGE"
20-->src\main\AndroidManifest.xml:7:22-78
21        android:maxSdkVersion="32" />
21-->src\main\AndroidManifest.xml:7:79-105
22
23    <queries>
23-->[:file_picker] AndroidManifest.xml:13:5-19:15
24        <intent>
24-->[:file_picker] AndroidManifest.xml:14:9-18:18
25            <action android:name="android.intent.action.GET_CONTENT" />
25-->[:file_picker] AndroidManifest.xml:15:13-72
25-->[:file_picker] AndroidManifest.xml:15:21-69
26
27            <data android:mimeType="*/*" />
27-->src\main\AndroidManifest.xml:50:17-85
28        </intent>
29    </queries>
30
31    <uses-permission android:name="android.permission.ACCESS_NETWORK_STATE" />
31-->[com.google.firebase:firebase-auth:23.1.0] AndroidManifest.xml:26:5-79
31-->[com.google.firebase:firebase-auth:23.1.0] AndroidManifest.xml:26:22-76
32    <uses-permission android:name="com.google.android.providers.gsf.permission.READ_GSERVICES" />
32-->[com.google.android.recaptcha:recaptcha:18.5.1] AndroidManifest.xml:9:5-98
32-->[com.google.android.recaptcha:recaptcha:18.5.1] AndroidManifest.xml:9:22-95
33
34    <permission
34-->[androidx.core:core:1.13.1] AndroidManifest.xml:22:5-24:47
35        android:name="com.mycompany.newbookclub.DYNAMIC_RECEIVER_NOT_EXPORTED_PERMISSION"
35-->[androidx.core:core:1.13.1] AndroidManifest.xml:23:9-81
36        android:protectionLevel="signature" />
36-->[androidx.core:core:1.13.1] AndroidManifest.xml:24:9-44
37
38    <uses-permission android:name="com.mycompany.newbookclub.DYNAMIC_RECEIVER_NOT_EXPORTED_PERMISSION" />
38-->[androidx.core:core:1.13.1] AndroidManifest.xml:26:5-97
38-->[androidx.core:core:1.13.1] AndroidManifest.xml:26:22-94
39
40    <application
40-->src\main\AndroidManifest.xml:9:5-63:19
41        android:appComponentFactory="androidx.core.app.CoreComponentFactory"
41-->[androidx.core:core:1.13.1] AndroidManifest.xml:28:18-86
42        android:debuggable="true"
43        android:extractNativeLibs="false"
44        android:icon="@mipmap/ic_launcher"
44-->src\main\AndroidManifest.xml:12:9-43
45        android:label="newbookclub"
45-->src\main\AndroidManifest.xml:10:9-36
46        android:requestLegacyExternalStorage="true" >
46-->src\main\AndroidManifest.xml:13:9-52
47        <activity
47-->src\main\AndroidManifest.xml:15:9-53:20
48            android:name="com.mycompany.newbookclub.MainActivity"
48-->src\main\AndroidManifest.xml:16:13-41
49            android:configChanges="orientation|keyboardHidden|keyboard|screenSize|smallestScreenSize|locale|layoutDirection|fontScale|screenLayout|density|uiMode"
49-->src\main\AndroidManifest.xml:20:13-163
50            android:exported="true"
50-->src\main\AndroidManifest.xml:17:13-36
51            android:hardwareAccelerated="true"
51-->src\main\AndroidManifest.xml:21:13-47
52            android:launchMode="singleTop"
52-->src\main\AndroidManifest.xml:18:13-43
53            android:theme="@style/LaunchTheme"
53-->src\main\AndroidManifest.xml:19:13-47
54            android:windowSoftInputMode="adjustResize" >
54-->src\main\AndroidManifest.xml:22:13-55
55
56            <!--
57                 Specifies an Android theme to apply to this Activity as soon as
58                 the Android process has started. This theme is visible to the user
59                 while the Flutter UI initializes. After that, this theme continues
60                 to determine the Window background behind the Flutter UI.
61            -->
62            <meta-data
62-->src\main\AndroidManifest.xml:27:13-30:17
63                android:name="io.flutter.embedding.android.NormalTheme"
63-->src\main\AndroidManifest.xml:28:15-70
64                android:resource="@style/NormalTheme" />
64-->src\main\AndroidManifest.xml:29:15-52
65            <!--
66                 Displays an Android View that continues showing the launch screen
67                 Drawable until Flutter paints its first frame, then this splash
68                 screen fades out. A splash screen is useful to avoid any visual
69                 gap between the end of Android's launch screen and the painting of
70                 Flutter's first frame.
71            -->
72            <meta-data
72-->src\main\AndroidManifest.xml:36:13-39:17
73                android:name="io.flutter.embedding.android.SplashScreenDrawable"
73-->src\main\AndroidManifest.xml:37:15-79
74                android:resource="@drawable/launch_background" />
74-->src\main\AndroidManifest.xml:38:15-61
75
76            <intent-filter>
76-->src\main\AndroidManifest.xml:40:13-43:29
77                <action android:name="android.intent.action.MAIN" />
77-->src\main\AndroidManifest.xml:41:17-68
77-->src\main\AndroidManifest.xml:41:25-66
78
79                <category android:name="android.intent.category.LAUNCHER" />
79-->src\main\AndroidManifest.xml:42:17-76
79-->src\main\AndroidManifest.xml:42:27-74
80            </intent-filter>
81            <!-- Deep linking -->
82            <meta-data
82-->src\main\AndroidManifest.xml:45:13-90
83                android:name="flutter_deeplinking_enabled"
83-->src\main\AndroidManifest.xml:45:24-66
84                android:value="true" />
84-->src\main\AndroidManifest.xml:45:67-87
85
86            <intent-filter android:autoVerify="true" >
86-->src\main\AndroidManifest.xml:46:13-51:29
86-->src\main\AndroidManifest.xml:46:28-53
87                <action android:name="android.intent.action.VIEW" />
87-->src\main\AndroidManifest.xml:47:17-69
87-->src\main\AndroidManifest.xml:47:25-66
88
89                <category android:name="android.intent.category.DEFAULT" />
89-->src\main\AndroidManifest.xml:48:17-76
89-->src\main\AndroidManifest.xml:48:27-73
90                <category android:name="android.intent.category.BROWSABLE" />
90-->src\main\AndroidManifest.xml:49:17-78
90-->src\main\AndroidManifest.xml:49:27-75
91
92                <data
92-->src\main\AndroidManifest.xml:50:17-85
93                    android:host="newbookclub.com"
93-->src\main\AndroidManifest.xml:50:52-82
94                    android:scheme="newbookclub" />
94-->src\main\AndroidManifest.xml:50:23-51
95            </intent-filter>
96        </activity>
97
98        <!--
99             Don't delete the meta-data below.
100             This is used by the Flutter tool to generate GeneratedPluginRegistrant.java
101        -->
102        <meta-data
102-->src\main\AndroidManifest.xml:57:9-59:33
103            android:name="flutterEmbedding"
103-->src\main\AndroidManifest.xml:58:13-44
104            android:value="2" />
104-->src\main\AndroidManifest.xml:59:13-30
105
106        <service
106-->[:cloud_firestore] AndroidManifest.xml:10:9-14:19
107            android:name="com.google.firebase.components.ComponentDiscoveryService"
107-->[:cloud_firestore] AndroidManifest.xml:10:18-89
108            android:directBootAware="true"
108-->[com.google.firebase:firebase-common:21.0.0] AndroidManifest.xml:32:13-43
109            android:exported="false" >
109-->[com.google.firebase:firebase-perf:21.0.2] AndroidManifest.xml:13:13-37
110            <meta-data
110-->[:cloud_firestore] AndroidManifest.xml:11:13-13:85
111                android:name="com.google.firebase.components:io.flutter.plugins.firebase.firestore.FlutterFirebaseFirestoreRegistrar"
111-->[:cloud_firestore] AndroidManifest.xml:12:17-134
112                android:value="com.google.firebase.components.ComponentRegistrar" />
112-->[:cloud_firestore] AndroidManifest.xml:13:17-82
113            <meta-data
113-->[:firebase_app_check] AndroidManifest.xml:11:13-13:85
114                android:name="com.google.firebase.components:io.flutter.plugins.firebase.appcheck.FlutterFirebaseAppRegistrar"
114-->[:firebase_app_check] AndroidManifest.xml:12:17-127
115                android:value="com.google.firebase.components.ComponentRegistrar" />
115-->[:firebase_app_check] AndroidManifest.xml:13:17-82
116            <meta-data
116-->[:firebase_auth] AndroidManifest.xml:11:13-13:85
117                android:name="com.google.firebase.components:io.flutter.plugins.firebase.auth.FlutterFirebaseAuthRegistrar"
117-->[:firebase_auth] AndroidManifest.xml:12:17-124
118                android:value="com.google.firebase.components.ComponentRegistrar" />
118-->[:firebase_auth] AndroidManifest.xml:13:17-82
119            <meta-data
119-->[:firebase_performance] AndroidManifest.xml:13:13-15:85
120                android:name="com.google.firebase.components:io.flutter.plugins.firebase.performance.FlutterFirebaseAppRegistrar"
120-->[:firebase_performance] AndroidManifest.xml:14:17-130
121                android:value="com.google.firebase.components.ComponentRegistrar" />
121-->[:firebase_performance] AndroidManifest.xml:15:17-82
122            <meta-data
122-->[:firebase_storage] AndroidManifest.xml:11:13-13:85
123                android:name="com.google.firebase.components:io.flutter.plugins.firebase.storage.FlutterFirebaseAppRegistrar"
123-->[:firebase_storage] AndroidManifest.xml:12:17-126
124                android:value="com.google.firebase.components.ComponentRegistrar" />
124-->[:firebase_storage] AndroidManifest.xml:13:17-82
125            <meta-data
125-->[:firebase_core] AndroidManifest.xml:11:13-13:85
126                android:name="com.google.firebase.components:io.flutter.plugins.firebase.core.FlutterFirebaseCoreRegistrar"
126-->[:firebase_core] AndroidManifest.xml:12:17-124
127                android:value="com.google.firebase.components.ComponentRegistrar" />
127-->[:firebase_core] AndroidManifest.xml:13:17-82
128            <meta-data
128-->[com.google.firebase:firebase-perf:21.0.2] AndroidManifest.xml:14:13-16:85
129                android:name="com.google.firebase.components:com.google.firebase.perf.FirebasePerfKtxRegistrar"
129-->[com.google.firebase:firebase-perf:21.0.2] AndroidManifest.xml:15:17-112
130                android:value="com.google.firebase.components.ComponentRegistrar" />
130-->[com.google.firebase:firebase-perf:21.0.2] AndroidManifest.xml:16:17-82
131            <meta-data
131-->[com.google.firebase:firebase-perf:21.0.2] AndroidManifest.xml:17:13-19:85
132                android:name="com.google.firebase.components:com.google.firebase.perf.FirebasePerfRegistrar"
132-->[com.google.firebase:firebase-perf:21.0.2] AndroidManifest.xml:18:17-109
133                android:value="com.google.firebase.components.ComponentRegistrar" />
133-->[com.google.firebase:firebase-perf:21.0.2] AndroidManifest.xml:19:17-82
134            <meta-data
134-->[com.google.firebase:firebase-sessions:2.0.0] AndroidManifest.xml:29:13-31:85
135                android:name="com.google.firebase.components:com.google.firebase.sessions.FirebaseSessionsRegistrar"
135-->[com.google.firebase:firebase-sessions:2.0.0] AndroidManifest.xml:30:17-117
136                android:value="com.google.firebase.components.ComponentRegistrar" />
136-->[com.google.firebase:firebase-sessions:2.0.0] AndroidManifest.xml:31:17-82
137            <meta-data
137-->[com.google.firebase:firebase-appcheck-debug:18.0.0] AndroidManifest.xml:25:13-27:85
138                android:name="com.google.firebase.components:com.google.firebase.appcheck.debug.FirebaseAppCheckDebugRegistrar"
138-->[com.google.firebase:firebase-appcheck-debug:18.0.0] AndroidManifest.xml:26:17-128
139                android:value="com.google.firebase.components.ComponentRegistrar" />
139-->[com.google.firebase:firebase-appcheck-debug:18.0.0] AndroidManifest.xml:27:17-82
140            <meta-data
140-->[com.google.firebase:firebase-auth:23.1.0] AndroidManifest.xml:69:13-71:85
141                android:name="com.google.firebase.components:com.google.firebase.auth.FirebaseAuthRegistrar"
141-->[com.google.firebase:firebase-auth:23.1.0] AndroidManifest.xml:70:17-109
142                android:value="com.google.firebase.components.ComponentRegistrar" />
142-->[com.google.firebase:firebase-auth:23.1.0] AndroidManifest.xml:71:17-82
143            <meta-data
143-->[com.google.firebase:firebase-firestore:25.1.1] AndroidManifest.xml:17:13-19:85
144                android:name="com.google.firebase.components:com.google.firebase.firestore.FirebaseFirestoreKtxRegistrar"
144-->[com.google.firebase:firebase-firestore:25.1.1] AndroidManifest.xml:18:17-122
145                android:value="com.google.firebase.components.ComponentRegistrar" />
145-->[com.google.firebase:firebase-firestore:25.1.1] AndroidManifest.xml:19:17-82
146            <meta-data
146-->[com.google.firebase:firebase-firestore:25.1.1] AndroidManifest.xml:20:13-22:85
147                android:name="com.google.firebase.components:com.google.firebase.firestore.FirestoreRegistrar"
147-->[com.google.firebase:firebase-firestore:25.1.1] AndroidManifest.xml:21:17-111
148                android:value="com.google.firebase.components.ComponentRegistrar" />
148-->[com.google.firebase:firebase-firestore:25.1.1] AndroidManifest.xml:22:17-82
149            <meta-data
149-->[com.google.firebase:firebase-appcheck-playintegrity:18.0.0] AndroidManifest.xml:25:13-27:85
150                android:name="com.google.firebase.components:com.google.firebase.appcheck.playintegrity.FirebaseAppCheckPlayIntegrityRegistrar"
150-->[com.google.firebase:firebase-appcheck-playintegrity:18.0.0] AndroidManifest.xml:26:17-144
151                android:value="com.google.firebase.components.ComponentRegistrar" />
151-->[com.google.firebase:firebase-appcheck-playintegrity:18.0.0] AndroidManifest.xml:27:17-82
152            <meta-data
152-->[com.google.firebase:firebase-storage:21.0.1] AndroidManifest.xml:30:13-32:85
153                android:name="com.google.firebase.components:com.google.firebase.storage.FirebaseStorageKtxRegistrar"
153-->[com.google.firebase:firebase-storage:21.0.1] AndroidManifest.xml:31:17-118
154                android:value="com.google.firebase.components.ComponentRegistrar" />
154-->[com.google.firebase:firebase-storage:21.0.1] AndroidManifest.xml:32:17-82
155            <meta-data
155-->[com.google.firebase:firebase-storage:21.0.1] AndroidManifest.xml:33:13-35:85
156                android:name="com.google.firebase.components:com.google.firebase.storage.StorageRegistrar"
156-->[com.google.firebase:firebase-storage:21.0.1] AndroidManifest.xml:34:17-107
157                android:value="com.google.firebase.components.ComponentRegistrar" />
157-->[com.google.firebase:firebase-storage:21.0.1] AndroidManifest.xml:35:17-82
158            <meta-data
158-->[com.google.firebase:firebase-appcheck-safetynet:16.1.2] AndroidManifest.xml:27:13-29:85
159                android:name="com.google.firebase.components:com.google.firebase.appcheck.safetynet.FirebaseAppCheckSafetyNetRegistrar"
159-->[com.google.firebase:firebase-appcheck-safetynet:16.1.2] AndroidManifest.xml:28:17-136
160                android:value="com.google.firebase.components.ComponentRegistrar" />
160-->[com.google.firebase:firebase-appcheck-safetynet:16.1.2] AndroidManifest.xml:29:17-82
161            <meta-data
161-->[com.google.firebase:firebase-appcheck:18.0.0] AndroidManifest.xml:25:13-27:85
162                android:name="com.google.firebase.components:com.google.firebase.appcheck.FirebaseAppCheckKtxRegistrar"
162-->[com.google.firebase:firebase-appcheck:18.0.0] AndroidManifest.xml:26:17-120
163                android:value="com.google.firebase.components.ComponentRegistrar" />
163-->[com.google.firebase:firebase-appcheck:18.0.0] AndroidManifest.xml:27:17-82
164            <meta-data
164-->[com.google.firebase:firebase-appcheck:18.0.0] AndroidManifest.xml:28:13-30:85
165                android:name="com.google.firebase.components:com.google.firebase.appcheck.FirebaseAppCheckRegistrar"
165-->[com.google.firebase:firebase-appcheck:18.0.0] AndroidManifest.xml:29:17-117
166                android:value="com.google.firebase.components.ComponentRegistrar" />
166-->[com.google.firebase:firebase-appcheck:18.0.0] AndroidManifest.xml:30:17-82
167            <meta-data
167-->[com.google.firebase:firebase-config:22.0.1] AndroidManifest.xml:29:13-31:85
168                android:name="com.google.firebase.components:com.google.firebase.remoteconfig.FirebaseRemoteConfigKtxRegistrar"
168-->[com.google.firebase:firebase-config:22.0.1] AndroidManifest.xml:30:17-128
169                android:value="com.google.firebase.components.ComponentRegistrar" />
169-->[com.google.firebase:firebase-config:22.0.1] AndroidManifest.xml:31:17-82
170            <meta-data
170-->[com.google.firebase:firebase-config:22.0.1] AndroidManifest.xml:32:13-34:85
171                android:name="com.google.firebase.components:com.google.firebase.remoteconfig.RemoteConfigRegistrar"
171-->[com.google.firebase:firebase-config:22.0.1] AndroidManifest.xml:33:17-117
172                android:value="com.google.firebase.components.ComponentRegistrar" />
172-->[com.google.firebase:firebase-config:22.0.1] AndroidManifest.xml:34:17-82
173            <meta-data
173-->[com.google.firebase:firebase-installations:18.0.0] AndroidManifest.xml:15:13-17:85
174                android:name="com.google.firebase.components:com.google.firebase.installations.FirebaseInstallationsKtxRegistrar"
174-->[com.google.firebase:firebase-installations:18.0.0] AndroidManifest.xml:16:17-130
175                android:value="com.google.firebase.components.ComponentRegistrar" />
175-->[com.google.firebase:firebase-installations:18.0.0] AndroidManifest.xml:17:17-82
176            <meta-data
176-->[com.google.firebase:firebase-installations:18.0.0] AndroidManifest.xml:18:13-20:85
177                android:name="com.google.firebase.components:com.google.firebase.installations.FirebaseInstallationsRegistrar"
177-->[com.google.firebase:firebase-installations:18.0.0] AndroidManifest.xml:19:17-127
178                android:value="com.google.firebase.components.ComponentRegistrar" />
178-->[com.google.firebase:firebase-installations:18.0.0] AndroidManifest.xml:20:17-82
179            <meta-data
179-->[com.google.firebase:firebase-common-ktx:21.0.0] AndroidManifest.xml:12:13-14:85
180                android:name="com.google.firebase.components:com.google.firebase.ktx.FirebaseCommonLegacyRegistrar"
180-->[com.google.firebase:firebase-common-ktx:21.0.0] AndroidManifest.xml:13:17-116
181                android:value="com.google.firebase.components.ComponentRegistrar" />
181-->[com.google.firebase:firebase-common-ktx:21.0.0] AndroidManifest.xml:14:17-82
182            <meta-data
182-->[com.google.firebase:firebase-common:21.0.0] AndroidManifest.xml:35:13-37:85
183                android:name="com.google.firebase.components:com.google.firebase.FirebaseCommonKtxRegistrar"
183-->[com.google.firebase:firebase-common:21.0.0] AndroidManifest.xml:36:17-109
184                android:value="com.google.firebase.components.ComponentRegistrar" />
184-->[com.google.firebase:firebase-common:21.0.0] AndroidManifest.xml:37:17-82
185            <meta-data
185-->[com.google.firebase:firebase-abt:21.1.1] AndroidManifest.xml:12:13-14:85
186                android:name="com.google.firebase.components:com.google.firebase.abt.component.AbtRegistrar"
186-->[com.google.firebase:firebase-abt:21.1.1] AndroidManifest.xml:13:17-109
187                android:value="com.google.firebase.components.ComponentRegistrar" />
187-->[com.google.firebase:firebase-abt:21.1.1] AndroidManifest.xml:14:17-82
188            <meta-data
188-->[com.google.firebase:firebase-datatransport:18.1.8] AndroidManifest.xml:27:13-29:85
189                android:name="com.google.firebase.components:com.google.firebase.datatransport.TransportRegistrar"
189-->[com.google.firebase:firebase-datatransport:18.1.8] AndroidManifest.xml:28:17-115
190                android:value="com.google.firebase.components.ComponentRegistrar" />
190-->[com.google.firebase:firebase-datatransport:18.1.8] AndroidManifest.xml:29:17-82
191        </service>
192
193        <provider
193-->[:image_picker_android] AndroidManifest.xml:11:9-19:20
194            android:name="io.flutter.plugins.imagepicker.ImagePickerFileProvider"
194-->[:image_picker_android] AndroidManifest.xml:12:13-82
195            android:authorities="com.mycompany.newbookclub.flutter.image_provider"
195-->[:image_picker_android] AndroidManifest.xml:13:13-74
196            android:exported="false"
196-->[:image_picker_android] AndroidManifest.xml:14:13-37
197            android:grantUriPermissions="true" >
197-->[:image_picker_android] AndroidManifest.xml:15:13-47
198            <meta-data
198-->[:image_picker_android] AndroidManifest.xml:16:13-18:75
199                android:name="android.support.FILE_PROVIDER_PATHS"
199-->[:image_picker_android] AndroidManifest.xml:17:17-67
200                android:resource="@xml/flutter_image_picker_file_paths" />
200-->[:image_picker_android] AndroidManifest.xml:18:17-72
201        </provider> <!-- Trigger Google Play services to install the backported photo picker module. -->
202        <service
202-->[:image_picker_android] AndroidManifest.xml:21:9-33:19
203            android:name="com.google.android.gms.metadata.ModuleDependencies"
203-->[:image_picker_android] AndroidManifest.xml:22:13-78
204            android:enabled="false"
204-->[:image_picker_android] AndroidManifest.xml:23:13-36
205            android:exported="false" >
205-->[:image_picker_android] AndroidManifest.xml:24:13-37
206            <intent-filter>
206-->[:image_picker_android] AndroidManifest.xml:26:13-28:29
207                <action android:name="com.google.android.gms.metadata.MODULE_DEPENDENCIES" />
207-->[:image_picker_android] AndroidManifest.xml:27:17-94
207-->[:image_picker_android] AndroidManifest.xml:27:25-91
208            </intent-filter>
209
210            <meta-data
210-->[:image_picker_android] AndroidManifest.xml:30:13-32:36
211                android:name="photopicker_activity:0:required"
211-->[:image_picker_android] AndroidManifest.xml:31:17-63
212                android:value="" />
212-->[:image_picker_android] AndroidManifest.xml:32:17-33
213        </service>
214
215        <activity
215-->[:url_launcher_android] AndroidManifest.xml:10:9-13:74
216            android:name="io.flutter.plugins.urllauncher.WebViewActivity"
216-->[:url_launcher_android] AndroidManifest.xml:11:13-74
217            android:exported="false"
217-->[:url_launcher_android] AndroidManifest.xml:12:13-37
218            android:theme="@android:style/Theme.NoTitleBar.Fullscreen" />
218-->[:url_launcher_android] AndroidManifest.xml:13:13-71
219
220        <service
220-->[com.google.firebase:firebase-sessions:2.0.0] AndroidManifest.xml:22:9-25:40
221            android:name="com.google.firebase.sessions.SessionLifecycleService"
221-->[com.google.firebase:firebase-sessions:2.0.0] AndroidManifest.xml:23:13-80
222            android:enabled="true"
222-->[com.google.firebase:firebase-sessions:2.0.0] AndroidManifest.xml:24:13-35
223            android:exported="false" />
223-->[com.google.firebase:firebase-sessions:2.0.0] AndroidManifest.xml:25:13-37
224
225        <activity
225-->[com.google.firebase:firebase-auth:23.1.0] AndroidManifest.xml:29:9-46:20
226            android:name="com.google.firebase.auth.internal.GenericIdpActivity"
226-->[com.google.firebase:firebase-auth:23.1.0] AndroidManifest.xml:30:13-80
227            android:excludeFromRecents="true"
227-->[com.google.firebase:firebase-auth:23.1.0] AndroidManifest.xml:31:13-46
228            android:exported="true"
228-->[com.google.firebase:firebase-auth:23.1.0] AndroidManifest.xml:32:13-36
229            android:launchMode="singleTask"
229-->[com.google.firebase:firebase-auth:23.1.0] AndroidManifest.xml:33:13-44
230            android:theme="@android:style/Theme.Translucent.NoTitleBar" >
230-->[com.google.firebase:firebase-auth:23.1.0] AndroidManifest.xml:34:13-72
231            <intent-filter>
231-->[com.google.firebase:firebase-auth:23.1.0] AndroidManifest.xml:35:13-45:29
232                <action android:name="android.intent.action.VIEW" />
232-->src\main\AndroidManifest.xml:47:17-69
232-->src\main\AndroidManifest.xml:47:25-66
233
234                <category android:name="android.intent.category.DEFAULT" />
234-->src\main\AndroidManifest.xml:48:17-76
234-->src\main\AndroidManifest.xml:48:27-73
235                <category android:name="android.intent.category.BROWSABLE" />
235-->src\main\AndroidManifest.xml:49:17-78
235-->src\main\AndroidManifest.xml:49:27-75
236
237                <data
237-->src\main\AndroidManifest.xml:50:17-85
238                    android:host="firebase.auth"
238-->src\main\AndroidManifest.xml:50:52-82
239                    android:path="/"
240                    android:scheme="genericidp" />
240-->src\main\AndroidManifest.xml:50:23-51
241            </intent-filter>
242        </activity>
243        <activity
243-->[com.google.firebase:firebase-auth:23.1.0] AndroidManifest.xml:47:9-64:20
244            android:name="com.google.firebase.auth.internal.RecaptchaActivity"
244-->[com.google.firebase:firebase-auth:23.1.0] AndroidManifest.xml:48:13-79
245            android:excludeFromRecents="true"
245-->[com.google.firebase:firebase-auth:23.1.0] AndroidManifest.xml:49:13-46
246            android:exported="true"
246-->[com.google.firebase:firebase-auth:23.1.0] AndroidManifest.xml:50:13-36
247            android:launchMode="singleTask"
247-->[com.google.firebase:firebase-auth:23.1.0] AndroidManifest.xml:51:13-44
248            android:theme="@android:style/Theme.Translucent.NoTitleBar" >
248-->[com.google.firebase:firebase-auth:23.1.0] AndroidManifest.xml:52:13-72
249            <intent-filter>
249-->[com.google.firebase:firebase-auth:23.1.0] AndroidManifest.xml:53:13-63:29
250                <action android:name="android.intent.action.VIEW" />
250-->src\main\AndroidManifest.xml:47:17-69
250-->src\main\AndroidManifest.xml:47:25-66
251
252                <category android:name="android.intent.category.DEFAULT" />
252-->src\main\AndroidManifest.xml:48:17-76
252-->src\main\AndroidManifest.xml:48:27-73
253                <category android:name="android.intent.category.BROWSABLE" />
253-->src\main\AndroidManifest.xml:49:17-78
253-->src\main\AndroidManifest.xml:49:27-75
254
255                <data
255-->src\main\AndroidManifest.xml:50:17-85
256                    android:host="firebase.auth"
256-->src\main\AndroidManifest.xml:50:52-82
257                    android:path="/"
258                    android:scheme="recaptcha" />
258-->src\main\AndroidManifest.xml:50:23-51
259            </intent-filter>
260        </activity>
261
262        <service
262-->[androidx.credentials:credentials-play-services-auth:1.2.0-rc01] AndroidManifest.xml:24:9-32:19
263            android:name="androidx.credentials.playservices.CredentialProviderMetadataHolder"
263-->[androidx.credentials:credentials-play-services-auth:1.2.0-rc01] AndroidManifest.xml:25:13-94
264            android:enabled="true"
264-->[androidx.credentials:credentials-play-services-auth:1.2.0-rc01] AndroidManifest.xml:26:13-35
265            android:exported="false" >
265-->[androidx.credentials:credentials-play-services-auth:1.2.0-rc01] AndroidManifest.xml:27:13-37
266            <meta-data
266-->[androidx.credentials:credentials-play-services-auth:1.2.0-rc01] AndroidManifest.xml:29:13-31:104
267                android:name="androidx.credentials.CREDENTIAL_PROVIDER_KEY"
267-->[androidx.credentials:credentials-play-services-auth:1.2.0-rc01] AndroidManifest.xml:30:17-76
268                android:value="androidx.credentials.playservices.CredentialProviderPlayServicesImpl" />
268-->[androidx.credentials:credentials-play-services-auth:1.2.0-rc01] AndroidManifest.xml:31:17-101
269        </service>
270
271        <activity
271-->[androidx.credentials:credentials-play-services-auth:1.2.0-rc01] AndroidManifest.xml:34:9-41:20
272            android:name="androidx.credentials.playservices.HiddenActivity"
272-->[androidx.credentials:credentials-play-services-auth:1.2.0-rc01] AndroidManifest.xml:35:13-76
273            android:configChanges="orientation|screenSize|screenLayout|keyboardHidden"
273-->[androidx.credentials:credentials-play-services-auth:1.2.0-rc01] AndroidManifest.xml:36:13-87
274            android:enabled="true"
274-->[androidx.credentials:credentials-play-services-auth:1.2.0-rc01] AndroidManifest.xml:37:13-35
275            android:exported="false"
275-->[androidx.credentials:credentials-play-services-auth:1.2.0-rc01] AndroidManifest.xml:38:13-37
276            android:fitsSystemWindows="true"
276-->[androidx.credentials:credentials-play-services-auth:1.2.0-rc01] AndroidManifest.xml:39:13-45
277            android:theme="@style/Theme.Hidden" >
277-->[androidx.credentials:credentials-play-services-auth:1.2.0-rc01] AndroidManifest.xml:40:13-48
278        </activity>
279        <activity
279-->[com.google.android.gms:play-services-auth:21.0.0] AndroidManifest.xml:23:9-27:75